<?xml version="1.0" encoding="UTF-8"?>
<testsuite xmlns:xsi="http://www.w3.org/2001/XMLSchema-instance" xsi:noNamespaceSchemaLocation="https://maven.apache.org/surefire/maven-surefire-plugin/xsd/surefire-test-report-3.0.xsd" version="3.0" name="com.fitnesscenter.service.UserServiceTest" time="1.922" tests="3" errors="0" skipped="0" failures="0">
  <properties>
[...]
</properties>
  <testcase name="testFindUserByUsername_UserExists" classname="com.fitnesscenter.service.UserServiceTest" time="1.858">
    <system-out><![CDATA[11:10:12.716 [main] DEBUG com.fitnesscenter.service.impl.UserServiceImpl - Finding user by username: testuser
]]></system-out>
  </testcase>
  <testcase name="testFindUserByEmail_UserExists" classname="com.fitnesscenter.service.UserServiceTest" time="0.009">
    <system-out><![CDATA[11:10:12.774 [main] DEBUG com.fitnesscenter.service.impl.UserServiceImpl - Finding user by email: test@example.com
]]></system-out>
  </testcase>
  <testcase name="testFindUserByUsername_UserDoesNotExist" classname="com.fitnesscenter.service.UserServiceTest" time="0.013">
    <system-out><![CDATA[11:10:12.786 [main] DEBUG com.fitnesscenter.service.impl.UserServiceImpl - Finding user by username: nonexistent
]]></system-out>
  </testcase>
</testsuite>