<?xml version="1.0" encoding="UTF-8"?>
<testsuite xmlns:xsi="http://www.w3.org/2001/XMLSchema-instance" xsi:noNamespaceSchemaLocation="https://maven.apache.org/surefire/maven-surefire-plugin/xsd/surefire-test-report-3.0.xsd" version="3.0" name="com.fitnesscenter.service.DiscountServiceTest" time="1.914" tests="11" errors="0" skipped="0" failures="0">
  <properties>
[...]
</properties>
  <testcase name="testSaveDiscountRule" classname="com.fitnesscenter.service.DiscountServiceTest" time="1.804">
    <system-out><![CDATA[11:10:30.926 [main] INFO  com.fitnesscenter.service.impl.DiscountServiceImpl - DiscountServiceImpl initialized
11:10:30.973 [main] DEBUG com.fitnesscenter.service.impl.DiscountServiceImpl - Saving discount rule: DiscountRule{id=1, name='Regular Loyalty', accountType=AccountType{id=1, name='REGULAR', description='Regular account'}, minCompletedCycles=3, discountPercentage=5.00, active=true}
]]></system-out>
  </testcase>
  <testcase name="testApplyDiscount" classname="com.fitnesscenter.service.DiscountServiceTest" time="0.006">
    <system-out><![CDATA[11:10:31.021 [main] INFO  com.fitnesscenter.service.impl.DiscountServiceImpl - DiscountServiceImpl initialized
11:10:31.022 [main] DEBUG com.fitnesscenter.service.impl.DiscountServiceImpl - Applying discount to price 100.00 for client ID: 1
11:10:31.023 [main] DEBUG com.fitnesscenter.service.impl.DiscountServiceImpl - Calculating discount for client ID: 1
11:10:31.023 [main] DEBUG com.fitnesscenter.service.impl.DiscountServiceImpl - Applied discount rule: Regular Loyalty with percentage: 5.00 for client ID: 1
11:10:31.024 [main] DEBUG com.fitnesscenter.service.impl.DiscountServiceImpl - Applied discount of 5.00% (5.00). Original price: 100.00, Final price: 95.00
]]></system-out>
  </testcase>
  <testcase name="testApplyDiscount_ZeroPrice" classname="com.fitnesscenter.service.DiscountServiceTest" time="0.007">
    <system-out><![CDATA[11:10:31.032 [main] INFO  com.fitnesscenter.service.impl.DiscountServiceImpl - DiscountServiceImpl initialized
11:10:31.033 [main] DEBUG com.fitnesscenter.service.impl.DiscountServiceImpl - Applying discount to price 0 for client ID: 1
11:10:31.033 [main] WARN  com.fitnesscenter.service.impl.DiscountServiceImpl - Invalid original price: 0
]]></system-out>
  </testcase>
  <testcase name="testFindAccountTypeById_Exists" classname="com.fitnesscenter.service.DiscountServiceTest" time="0.007">
    <system-out><![CDATA[11:10:31.038 [main] INFO  com.fitnesscenter.service.impl.DiscountServiceImpl - DiscountServiceImpl initialized
11:10:31.040 [main] DEBUG com.fitnesscenter.service.impl.DiscountServiceImpl - Finding account type by ID: 1
]]></system-out>
  </testcase>
  <testcase name="testCalculateDiscountForClient_WithEligibleDiscount" classname="com.fitnesscenter.service.DiscountServiceTest" time="0.006">
    <system-out><![CDATA[11:10:31.046 [main] INFO  com.fitnesscenter.service.impl.DiscountServiceImpl - DiscountServiceImpl initialized
11:10:31.047 [main] DEBUG com.fitnesscenter.service.impl.DiscountServiceImpl - Calculating discount for client ID: 1
11:10:31.048 [main] DEBUG com.fitnesscenter.service.impl.DiscountServiceImpl - Applied discount rule: Regular Loyalty with percentage: 5.00 for client ID: 1
]]></system-out>
  </testcase>
  <testcase name="testCalculateDiscountForClient_NoEligibleDiscount" classname="com.fitnesscenter.service.DiscountServiceTest" time="0.008">
    <system-out><![CDATA[11:10:31.054 [main] INFO  com.fitnesscenter.service.impl.DiscountServiceImpl - DiscountServiceImpl initialized
11:10:31.056 [main] DEBUG com.fitnesscenter.service.impl.DiscountServiceImpl - Calculating discount for client ID: 1
11:10:31.057 [main] DEBUG com.fitnesscenter.service.impl.DiscountServiceImpl - No discount rule applies for client ID: 1
]]></system-out>
  </testcase>
  <testcase name="testFindAccountTypeById_NotExists" classname="com.fitnesscenter.service.DiscountServiceTest" time="0.006">
    <system-out><![CDATA[11:10:31.062 [main] INFO  com.fitnesscenter.service.impl.DiscountServiceImpl - DiscountServiceImpl initialized
11:10:31.063 [main] DEBUG com.fitnesscenter.service.impl.DiscountServiceImpl - Finding account type by ID: 999
]]></system-out>
  </testcase>
  <testcase name="testFindAllAccountTypes" classname="com.fitnesscenter.service.DiscountServiceTest" time="0.004">
    <system-out><![CDATA[11:10:31.068 [main] INFO  com.fitnesscenter.service.impl.DiscountServiceImpl - DiscountServiceImpl initialized
11:10:31.069 [main] DEBUG com.fitnesscenter.service.impl.DiscountServiceImpl - Finding all account types
]]></system-out>
  </testcase>
  <testcase name="testCalculateDiscountForClient_NonexistentClient" classname="com.fitnesscenter.service.DiscountServiceTest" time="0.005">
    <system-out><![CDATA[11:10:31.073 [main] INFO  com.fitnesscenter.service.impl.DiscountServiceImpl - DiscountServiceImpl initialized
11:10:31.074 [main] DEBUG com.fitnesscenter.service.impl.DiscountServiceImpl - Calculating discount for client ID: 999
11:10:31.075 [main] WARN  com.fitnesscenter.service.impl.DiscountServiceImpl - Client profile not found for user ID: 999
]]></system-out>
  </testcase>
  <testcase name="testUpdateClientAccountType_NonexistentAccountType" classname="com.fitnesscenter.service.DiscountServiceTest" time="0.004">
    <system-out><![CDATA[11:10:31.078 [main] INFO  com.fitnesscenter.service.impl.DiscountServiceImpl - DiscountServiceImpl initialized
11:10:31.079 [main] DEBUG com.fitnesscenter.service.impl.DiscountServiceImpl - Updating client account type. User ID: 1, Account type ID: 999
11:10:31.080 [main] WARN  com.fitnesscenter.service.impl.DiscountServiceImpl - Account type with ID: 999 not found
]]></system-out>
  </testcase>
  <testcase name="testUpdateClientAccountType_Success" classname="com.fitnesscenter.service.DiscountServiceTest" time="0.004">
    <system-out><![CDATA[11:10:31.084 [main] INFO  com.fitnesscenter.service.impl.DiscountServiceImpl - DiscountServiceImpl initialized
11:10:31.085 [main] DEBUG com.fitnesscenter.service.impl.DiscountServiceImpl - Updating client account type. User ID: 1, Account type ID: 2
]]></system-out>
  </testcase>
</testsuite>